<?xml version="1.0" encoding="utf-8"?><testsuites name="pytest tests"><testsuite name="pytest" errors="0" failures="0" skipped="0" tests="1" time="2.957" timestamp="2026-09-18T08:51:41.318405+08:00" hostname="LENOVO"><properties><property name="hypothesis-statistics-ai_tests/test_ai_wbf_002.py::test_box_permutation" value="YWlfdGVzdHMvdGVzdF9haV93YmZfMDAyLnB5Ojp0ZXN0X2JveF9wZXJtdXRhdGlvbjoKCiAgLSBkdXJpbmcgZ2VuZXJhdGUgcGhhc2UgKDIuNTQgc2Vjb25kcyk6CiAgICAtIFR5cGljYWwgcnVudGltZXM6IH4gNS0xOCBtcywgb2Ygd2hpY2ggfiAxLTMgbXMgaW4gZGF0YSBnZW5lcmF0aW9uCiAgICAtIDIwMCBwYXNzaW5nLCAwIGZhaWxpbmcsIGFuZCA4IGludmFsaWQgdGVzdCBjYXNlcwoKICAtIFN0b3BwZWQgYmVjYXVzZSBzZXR0aW5ncy5tYXhfZXhhbXBsZXM9MjAw" /></properties><testcase classname="ai_tests.test_ai_wbf_002" name="test_box_permutation" time="2.638" /></testsuite></testsuites>