<?xml version="1.0" encoding="utf-8"?><testsuites name="pytest tests"><testsuite name="pytest" errors="0" failures="1" skipped="0" tests="1" time="2.779" timestamp="2026-09-18T09:12:42.378340+08:00" hostname="RabdeMacBook-Air.local"><testcase classname="ai_tests.test_ai_wbf_011" name="test_score_bounds_and_overflow_mode_relations" time="2.758"><failure message="AssertionError: 9 configurations exceeded score 1&#10;assert 9 == 0">ai_tests/test_ai_wbf_011.py:82: in test_score_bounds_and_overflow_mode_relations
    assert bound_violations == 0, f'{bound_violations} configurations exceeded score 1'
E   AssertionError: 9 configurations exceeded score 1
E   assert 9 == 0</failure></testcase></testsuite></testsuites>