<?xml version="1.0" encoding="utf-8"?><testsuites name="pytest tests"><testsuite name="pytest" errors="0" failures="0" skipped="0" tests="1" time="2.773" timestamp="2026-09-18T08:54:33.142259+08:00" hostname="LENOVO"><properties><property name="hypothesis-statistics-ai_tests/test_ai_wbf_008.py::test_filtered_noise_injection" value="YWlfdGVzdHMvdGVzdF9haV93YmZfMDA4LnB5Ojp0ZXN0X2ZpbHRlcmVkX25vaXNlX2luamVjdGlvbjoKCiAgLSBkdXJpbmcgZ2VuZXJhdGUgcGhhc2UgKDIuMzggc2Vjb25kcyk6CiAgICAtIFR5cGljYWwgcnVudGltZXM6IH4gMy0xMCBtcywgb2Ygd2hpY2ggfiAxLTMgbXMgaW4gZGF0YSBnZW5lcmF0aW9uCiAgICAtIDMwMCBwYXNzaW5nLCAwIGZhaWxpbmcsIGFuZCA3IGludmFsaWQgdGVzdCBjYXNlcwoKICAtIFN0b3BwZWQgYmVjYXVzZSBzZXR0aW5ncy5tYXhfZXhhbXBsZXM9MzAw" /></properties><testcase classname="ai_tests.test_ai_wbf_008" name="test_filtered_noise_injection" time="2.433" /></testsuite></testsuites>