<?xml version="1.0" encoding="utf-8"?><testsuites name="pytest tests"><testsuite name="pytest" errors="0" failures="0" skipped="0" tests="4" time="0.253" timestamp="2026-09-18T08:47:31.997448+08:00" hostname="RabdeMacBook-Air.local"><testcase classname="ai_tests.test_ai_wbf_003" name="test_ai_wbf_003_common_weight_scaling[avg]" time="0.031" /><testcase classname="ai_tests.test_ai_wbf_003" name="test_ai_wbf_003_common_weight_scaling[max]" time="0.030" /><testcase classname="ai_tests.test_ai_wbf_003" name="test_ai_wbf_003_common_weight_scaling[box_and_model_avg]" time="0.034" /><testcase classname="ai_tests.test_ai_wbf_003" name="test_ai_wbf_003_common_weight_scaling[absent_model_aware_avg]" time="0.041" /></testsuite></testsuites>