<?xml version="1.0" encoding="utf-8"?><testsuites name="pytest tests"><testsuite name="pytest" errors="0" failures="0" skipped="0" tests="1" time="2.531" timestamp="2026-09-18T08:53:07.548421+08:00" hostname="LENOVO"><properties><property name="hypothesis-statistics-ai_tests/test_ai_wbf_005.py::test_uniform_scaling" value="YWlfdGVzdHMvdGVzdF9haV93YmZfMDA1LnB5Ojp0ZXN0X3VuaWZvcm1fc2NhbGluZzoKCiAgLSBkdXJpbmcgZ2VuZXJhdGUgcGhhc2UgKDIuMTYgc2Vjb25kcyk6CiAgICAtIFR5cGljYWwgcnVudGltZXM6IH4gMy05IG1zLCBvZiB3aGljaCB+IDEtMyBtcyBpbiBkYXRhIGdlbmVyYXRpb24KICAgIC0gMzAwIHBhc3NpbmcsIDAgZmFpbGluZywgYW5kIDcgaW52YWxpZCB0ZXN0IGNhc2VzCgogIC0gU3RvcHBlZCBiZWNhdXNlIHNldHRpbmdzLm1heF9leGFtcGxlcz0zMDA=" /></properties><testcase classname="ai_tests.test_ai_wbf_005" name="test_uniform_scaling" time="2.209" /></testsuite></testsuites>