<?xml version="1.0" encoding="utf-8"?><testsuites name="pytest tests"><testsuite name="pytest" errors="0" failures="0" skipped="0" tests="1" time="0.603" timestamp="2026-09-18T09:02:07.973193+08:00" hostname="RabdeMacBook-Air.local"><properties><property name="hypothesis-statistics-ai_tests/test_ai_wbf_007.py::test_bijective_label_renaming" value="YWlfdGVzdHMvdGVzdF9haV93YmZfMDA3LnB5Ojp0ZXN0X2JpamVjdGl2ZV9sYWJlbF9yZW5hbWluZzoKCiAgLSBkdXJpbmcgZ2VuZXJhdGUgcGhhc2UgKDAuNTcgc2Vjb25kcyk6CiAgICAtIFR5cGljYWwgcnVudGltZXM6IH4gMC0yIG1zLCBvZiB3aGljaCA8IDFtcyBpbiBkYXRhIGdlbmVyYXRpb24KICAgIC0gMzAwIHBhc3NpbmcsIDAgZmFpbGluZywgYW5kIDQgaW52YWxpZCB0ZXN0IGNhc2VzCgogIC0gU3RvcHBlZCBiZWNhdXNlIHNldHRpbmdzLm1heF9leGFtcGxlcz0zMDA=" /></properties><testcase classname="ai_tests.test_ai_wbf_007" name="test_bijective_label_renaming" time="0.588" /></testsuite></testsuites>