Command: E:\WBF\WBF-Software-Testing-main\.venv\Scripts\python.exe -m pytest manual_tests/member_a/test_wbf_member_a.py -v --tb=short -k "test_001__ or test_003__" --member-a-report=E:\WBF\WBF-Software-Testing-main\manual_tests\member_a\results\batch_01\results.json

============================= test session starts =============================
platform win32 -- Python 3.10.16, pytest-9.0.3, pluggy-1.6.0 -- E:\WBF\WBF-Software-Testing-main\.venv\Scripts\python.exe
cachedir: .pytest_cache
rootdir: E:\WBF\WBF-Software-Testing-main
collecting ... collected 2 items

manual_tests/member_a/test_wbf_member_a.py::test_001__single_valid_box PASSED [ 50%]
manual_tests/member_a/test_wbf_member_a.py::test_003__disjoint_same_class PASSED [100%]

============================== 2 passed in 0.25s ==============================

Exit code: 0
