============================= test session starts ==============================
platform darwin -- Python 3.11.15, pytest-9.1.1, pluggy-1.6.0 -- /opt/miniconda3/envs/wbf-test/bin/python
cachedir: .pytest_cache
rootdir: /Users/rab/Software_Testing/WBF-Software-Testing
plugins: cov-7.1.0
collecting ... collected 2 items

manual_tests/test_wbf_08.py::test_wbf_08_zero_threshold[edge_touch] {"case_id": "WBF-08", "scenario": "edge_touch", "boxes": [[0.1, 0.1, 0.5, 0.5], [0.5, 0.1, 0.9, 0.5]], "scores": [0.45, 0.4], "labels": [1.0, 1.0], "shapes": [[2, 4], [2], [2]], "warnings": []}
PASSED
manual_tests/test_wbf_08.py::test_wbf_08_zero_threshold[disjoint] {"case_id": "WBF-08", "scenario": "disjoint", "boxes": [[0.1, 0.1, 0.5, 0.5], [0.6, 0.1, 0.9, 0.5]], "scores": [0.45, 0.4], "labels": [1.0, 1.0], "shapes": [[2, 4], [2], [2]], "warnings": []}
PASSED

============================== 2 passed in 0.25s ===============================
