Command: E:\WBF\WBF-Software-Testing-main\.venv\Scripts\python.exe -m pytest manual_tests/member_a/test_wbf_member_a.py -v --tb=short -k "test_017__ or test_019__" --member-a-report=E:\WBF\WBF-Software-Testing-main\manual_tests\member_a\results\batch_05\results.json

============================= test session starts =============================
platform win32 -- Python 3.10.16, pytest-9.0.3, pluggy-1.6.0 -- E:\WBF\WBF-Software-Testing-main\.venv\Scripts\python.exe
cachedir: .pytest_cache
rootdir: E:\WBF\WBF-Software-Testing-main
collecting ... collected 10 items / 8 deselected / 2 selected

manual_tests/member_a/test_wbf_member_a.py::test_017__coordinate_above_one PASSED [ 50%]
manual_tests/member_a/test_wbf_member_a.py::test_019__empty_model_list PASSED [100%]

======================= 2 passed, 8 deselected in 0.21s =======================

Exit code: 0
