<?xml version="1.0" encoding="utf-8"?><testsuites name="pytest tests"><testsuite name="pytest" errors="0" failures="0" skipped="0" tests="1" time="2.334" timestamp="2026-09-18T08:52:25.666086+08:00" hostname="LENOVO"><properties><property name="hypothesis-statistics-ai_tests/test_ai_wbf_004.py::test_translation" value="YWlfdGVzdHMvdGVzdF9haV93YmZfMDA0LnB5Ojp0ZXN0X3RyYW5zbGF0aW9uOgoKICAtIGR1cmluZyBnZW5lcmF0ZSBwaGFzZSAoMS45NyBzZWNvbmRzKToKICAgIC0gVHlwaWNhbCBydW50aW1lczogfiAyLTggbXMsIG9mIHdoaWNoIH4gMS0zIG1zIGluIGRhdGEgZ2VuZXJhdGlvbgogICAgLSAzMDAgcGFzc2luZywgMCBmYWlsaW5nLCBhbmQgMyBpbnZhbGlkIHRlc3QgY2FzZXMKCiAgLSBTdG9wcGVkIGJlY2F1c2Ugc2V0dGluZ3MubWF4X2V4YW1wbGVzPTMwMA==" /></properties><testcase classname="ai_tests.test_ai_wbf_004" name="test_translation" time="2.035" /></testsuite></testsuites>