Command: E:\WBF\WBF-Software-Testing-main\.venv\Scripts\python.exe -m pytest manual_tests/member_a/test_wbf_member_a.py -v --tb=short -k "test_005__ or test_007__" --member-a-report=E:\WBF\WBF-Software-Testing-main\manual_tests\member_a\results\batch_02\results.json

============================= test session starts =============================
platform win32 -- Python 3.10.16, pytest-9.0.3, pluggy-1.6.0 -- E:\WBF\WBF-Software-Testing-main\.venv\Scripts\python.exe
cachedir: .pytest_cache
rootdir: E:\WBF\WBF-Software-Testing-main
collecting ... collected 4 items / 2 deselected / 2 selected

manual_tests/member_a/test_wbf_member_a.py::test_005__overlap_above_threshold PASSED [ 50%]
manual_tests/member_a/test_wbf_member_a.py::test_007__exact_iou_boundary_and_neighbors PASSED [100%]

======================= 2 passed, 2 deselected in 0.26s =======================

Exit code: 0
