<?xml version="1.0" encoding="utf-8"?><testsuites name="pytest tests"><testsuite name="pytest" errors="0" failures="0" skipped="0" tests="4" time="0.391" timestamp="2026-09-18T09:06:41.632699+08:00" hostname="LENOVO"><testcase classname="ai_tests.test_ai_wbf_003" name="test_ai_wbf_003_common_weight_scaling[avg]" time="0.085" /><testcase classname="ai_tests.test_ai_wbf_003" name="test_ai_wbf_003_common_weight_scaling[max]" time="0.080" /><testcase classname="ai_tests.test_ai_wbf_003" name="test_ai_wbf_003_common_weight_scaling[box_and_model_avg]" time="0.090" /><testcase classname="ai_tests.test_ai_wbf_003" name="test_ai_wbf_003_common_weight_scaling[absent_model_aware_avg]" time="0.089" /></testsuite></testsuites>