<?xml version="1.0" encoding="utf-8"?><testsuites name="pytest tests"><testsuite name="pytest" errors="0" failures="0" skipped="0" tests="1" time="2.855" timestamp="2026-09-18T08:50:56.435458+08:00" hostname="LENOVO"><properties><property name="hypothesis-statistics-ai_tests/test_ai_wbf_001.py::test_model_permutation" value="YWlfdGVzdHMvdGVzdF9haV93YmZfMDAxLnB5Ojp0ZXN0X21vZGVsX3Blcm11dGF0aW9uOgoKICAtIGR1cmluZyBnZW5lcmF0ZSBwaGFzZSAoMi41NyBzZWNvbmRzKToKICAgIC0gVHlwaWNhbCBydW50aW1lczogfiAzLTIwIG1zLCBvZiB3aGljaCB+IDEtNCBtcyBpbiBkYXRhIGdlbmVyYXRpb24KICAgIC0gMjAwIHBhc3NpbmcsIDAgZmFpbGluZywgYW5kIDYgaW52YWxpZCB0ZXN0IGNhc2VzCgogIC0gU3RvcHBlZCBiZWNhdXNlIHNldHRpbmdzLm1heF9leGFtcGxlcz0yMDA=" /></properties><testcase classname="ai_tests.test_ai_wbf_001" name="test_model_permutation" time="2.609" /></testsuite></testsuites>