<?xml version="1.0" encoding="utf-8"?><testsuites name="pytest tests"><testsuite name="pytest" errors="0" failures="0" skipped="0" tests="1" time="2.457" timestamp="2026-09-18T09:09:37.970354+08:00" hostname="RabdeMacBook-Air.local"><properties><property name="hypothesis-statistics-ai_tests/test_ai_wbf_009.py::test_random_legal_output_validity" value="YWlfdGVzdHMvdGVzdF9haV93YmZfMDA5LnB5Ojp0ZXN0X3JhbmRvbV9sZWdhbF9vdXRwdXRfdmFsaWRpdHk6CgogIC0gZHVyaW5nIGdlbmVyYXRlIHBoYXNlICgyLjQzIHNlY29uZHMpOgogICAgLSBUeXBpY2FsIHJ1bnRpbWVzOiB+IDAtNCBtcywgb2Ygd2hpY2ggfiAwLTMgbXMgaW4gZGF0YSBnZW5lcmF0aW9uCiAgICAtIDgwMCBwYXNzaW5nLCAwIGZhaWxpbmcsIGFuZCA0OSBpbnZhbGlkIHRlc3QgY2FzZXMKCiAgLSBTdG9wcGVkIGJlY2F1c2Ugc2V0dGluZ3MubWF4X2V4YW1wbGVzPTgwMA==" /></properties><testcase classname="ai_tests.test_ai_wbf_009" name="test_random_legal_output_validity" time="2.441" /></testsuite></testsuites>