<?xml version="1.0" encoding="utf-8"?><testsuites name="pytest tests"><testsuite name="pytest" errors="0" failures="0" skipped="0" tests="1" time="2.269" timestamp="2026-09-18T08:53:50.468369+08:00" hostname="LENOVO"><properties><property name="hypothesis-statistics-ai_tests/test_ai_wbf_006.py::test_horizontal_mirror" value="YWlfdGVzdHMvdGVzdF9haV93YmZfMDA2LnB5Ojp0ZXN0X2hvcml6b250YWxfbWlycm9yOgoKICAtIGR1cmluZyBnZW5lcmF0ZSBwaGFzZSAoMS44NyBzZWNvbmRzKToKICAgIC0gVHlwaWNhbCBydW50aW1lczogfiAyLTggbXMsIG9mIHdoaWNoIH4gMS00IG1zIGluIGRhdGEgZ2VuZXJhdGlvbgogICAgLSAzMDAgcGFzc2luZywgMCBmYWlsaW5nLCBhbmQgMyBpbnZhbGlkIHRlc3QgY2FzZXMKCiAgLSBTdG9wcGVkIGJlY2F1c2Ugc2V0dGluZ3MubWF4X2V4YW1wbGVzPTMwMA==" /></properties><testcase classname="ai_tests.test_ai_wbf_006" name="test_horizontal_mirror" time="1.917" /></testsuite></testsuites>